<?xml version="1.0" encoding="UTF-8"?>
<!-- Generated by org.testng.reporters.JUnitXMLReporter -->
<testsuite ignored="0" hostname="DESKTOP-QGGBBNB" failures="0" tests="3" name="Default test" time="15.64" errors="0" timestamp="2023-02-14T17:12:23 IST">
  <testcase classname="com.opencart.qa.testcases.LoginPageTest" name="LoginPageTitleTest" time="0.032"/>
  <testcase classname="com.opencart.qa.testcases.LoginPageTest" name="LogoImageTest" time="0.097"/>
  <testcase classname="com.opencart.qa.testcases.LoginPageTest" name="loginTest" time="1.176"/>
</testsuite> <!-- Default test -->
