<?xml version="1.0" encoding="UTF-8"?>
<testng-results ignored="0" total="3" passed="3" failed="0" skipped="0">
  <reporter-output>
  </reporter-output>
  <suite started-at="2023-02-14T17:12:08 IST" name="Default suite" finished-at="2023-02-14T17:12:23 IST" duration-ms="15640">
    <groups>
    </groups>
    <test started-at="2023-02-14T17:12:08 IST" name="Default test" finished-at="2023-02-14T17:12:23 IST" duration-ms="15640">
      <class name="com.opencart.qa.testcases.LoginPageTest">
        <test-method is-config="true" signature="setUp()[pri:0, instance:com.opencart.qa.testcases.LoginPageTest@294425a7]" started-at="2023-02-14T17:12:08 IST" name="setUp" finished-at="2023-02-14T17:12:13 IST" duration-ms="4822" status="PASS">
          <reporter-output>
          </reporter-output>
        </test-method> <!-- setUp -->
        <test-method signature="LoginPageTitleTest()[pri:1, instance:com.opencart.qa.testcases.LoginPageTest@294425a7]" started-at="2023-02-14T17:12:13 IST" name="LoginPageTitleTest" finished-at="2023-02-14T17:12:13 IST" duration-ms="32" status="PASS">
          <reporter-output>
          </reporter-output>
        </test-method> <!-- LoginPageTitleTest -->
        <test-method is-config="true" signature="tearDown()[pri:0, instance:com.opencart.qa.testcases.LoginPageTest@294425a7]" started-at="2023-02-14T17:12:13 IST" name="tearDown" finished-at="2023-02-14T17:12:13 IST" duration-ms="320" status="PASS">
          <reporter-output>
          </reporter-output>
        </test-method> <!-- tearDown -->
        <test-method is-config="true" signature="setUp()[pri:0, instance:com.opencart.qa.testcases.LoginPageTest@294425a7]" started-at="2023-02-14T17:12:13 IST" name="setUp" finished-at="2023-02-14T17:12:17 IST" duration-ms="3602" status="PASS">
          <reporter-output>
          </reporter-output>
        </test-method> <!-- setUp -->
        <test-method signature="LogoImageTest()[pri:2, instance:com.opencart.qa.testcases.LoginPageTest@294425a7]" started-at="2023-02-14T17:12:17 IST" name="LogoImageTest" finished-at="2023-02-14T17:12:17 IST" duration-ms="97" status="PASS">
          <reporter-output>
          </reporter-output>
        </test-method> <!-- LogoImageTest -->
        <test-method is-config="true" signature="tearDown()[pri:0, instance:com.opencart.qa.testcases.LoginPageTest@294425a7]" started-at="2023-02-14T17:12:17 IST" name="tearDown" finished-at="2023-02-14T17:12:17 IST" duration-ms="315" status="PASS">
          <reporter-output>
          </reporter-output>
        </test-method> <!-- tearDown -->
        <test-method is-config="true" signature="setUp()[pri:0, instance:com.opencart.qa.testcases.LoginPageTest@294425a7]" started-at="2023-02-14T17:12:17 IST" name="setUp" finished-at="2023-02-14T17:12:22 IST" duration-ms="4950" status="PASS">
          <reporter-output>
          </reporter-output>
        </test-method> <!-- setUp -->
        <test-method signature="loginTest()[pri:3, instance:com.opencart.qa.testcases.LoginPageTest@294425a7]" started-at="2023-02-14T17:12:22 IST" name="loginTest" finished-at="2023-02-14T17:12:23 IST" duration-ms="1176" status="PASS">
          <reporter-output>
          </reporter-output>
        </test-method> <!-- loginTest -->
        <test-method is-config="true" signature="tearDown()[pri:0, instance:com.opencart.qa.testcases.LoginPageTest@294425a7]" started-at="2023-02-14T17:12:23 IST" name="tearDown" finished-at="2023-02-14T17:12:23 IST" duration-ms="259" status="PASS">
          <reporter-output>
          </reporter-output>
        </test-method> <!-- tearDown -->
      </class> <!-- com.opencart.qa.testcases.LoginPageTest -->
    </test> <!-- Default test -->
  </suite> <!-- Default suite -->
</testng-results>
